170727 00:16:17 mysqld_safe Starting mysqld daemon with databases from /data/db/mysql
2017-07-27  0:16:17 139630090415176 [Note] /usr/bin/mysqld (mysqld 10.1.16-MariaDB) starting as process 199 ...
2017-07-27  0:16:17 139630090415176 [Warning] Setting lower_case_table_names=2 because file system for /data/db/mysql/ is case insensitive
2017-07-27 00:16:17 7efe29f06c48 InnoDB: Warning: Using innodb_additional_mem_pool_size is DEPRECATED. This option may be removed in future releases, together with the option innodb_use_sys_malloc and with the InnoDB's internal memory allocator.
2017-07-27  0:16:17 139630090415176 [Note] InnoDB: Using mutexes to ref count buffer pool pages
2017-07-27  0:16:17 139630090415176 [Note] InnoDB: The InnoDB memory heap is disabled
2017-07-27  0:16:17 139630090415176 [Note] InnoDB: Mutexes and rw_locks use GCC atomic builtins
2017-07-27  0:16:17 139630090415176 [Note] InnoDB: Memory barrier is not used
2017-07-27  0:16:17 139630090415176 [Note] InnoDB: Compressed tables use zlib 1.2.8
2017-07-27  0:16:17 139630090415176 [Note] InnoDB: Using Linux native AIO
2017-07-27  0:16:17 139630090415176 [Note] InnoDB: Using SSE crc32 instructions
2017-07-27  0:16:17 139630090415176 [Note] InnoDB: Initializing buffer pool, size = 800.0M
2017-07-27  0:16:17 139630090415176 [Note] InnoDB: Completed initialization of buffer pool
2017-07-27  0:16:17 139630090415176 [Note] InnoDB: Highest supported file format is Barracuda.
2017-07-27  0:16:17 139630090415176 [Note] InnoDB: The log sequence numbers 1616836 and 1616836 in ibdata files do not match the log sequence number 1616856 in the ib_logfiles!
2017-07-27  0:16:17 139630090415176 [Note] InnoDB: Database was not shutdown normally!
2017-07-27  0:16:17 139630090415176 [Note] InnoDB: Starting crash recovery.
2017-07-27  0:16:17 139630090415176 [Note] InnoDB: Reading tablespace information from the .ibd files...
2017-07-27  0:16:17 139630090415176 [Note] InnoDB: Restoring possible half-written data pages 
2017-07-27  0:16:17 139630090415176 [Note] InnoDB: from the doublewrite buffer...
2017-07-27  0:16:17 139630090415176 [Note] InnoDB: 128 rollback segment(s) are active.
2017-07-27  0:16:17 139630090415176 [Note] InnoDB: Waiting for purge to start
2017-07-27  0:16:17 139630090415176 [Note] InnoDB:  Percona XtraDB (http://www.percona.com) 5.6.30-76.3 started; log sequence number 1616856
2017-07-27  0:16:17 139628872940208 [Note] InnoDB: Dumping buffer pool(s) not yet started
2017-07-27  0:16:17 139630090415176 [Note] Plugin 'FEEDBACK' is disabled.
2017-07-27  0:16:17 139630090415176 [Note] Recovering after a crash using mysql-bin
2017-07-27  0:16:17 139630090415176 [Note] Starting crash recovery...
2017-07-27  0:16:17 139630090415176 [Note] Crash recovery finished.
2017-07-27  0:16:17 139630090415176 [Note] Server socket created on IP: '0.0.0.0'.
2017-07-27  0:16:17 139630090415176 [ERROR] mysqld: Table './mysql/user' is marked as crashed and should be repaired
2017-07-27  0:16:17 139630090415176 [Warning] Checking table:   './mysql/user'
2017-07-27  0:16:17 139630090415176 [ERROR] mysql.user: 1 client is using or hasn't closed the table properly
2017-07-27  0:16:17 139630090415176 [Warning] 'user' entry 'root@63fe2f812e87' ignored in --skip-name-resolve mode.
2017-07-27  0:16:17 139630090415176 [Warning] 'user' entry '@63fe2f812e87' ignored in --skip-name-resolve mode.
2017-07-27  0:16:17 139630090415176 [Warning] 'proxies_priv' entry '@% root@63fe2f812e87' ignored in --skip-name-resolve mode.
2017-07-27  0:16:17 139630090415176 [Note] /usr/bin/mysqld: ready for connections.
Version: '10.1.16-MariaDB'  socket: '/var/run/mysqld/mysqld.sock'  port: 3306  MariaDB Server
170731 23:50:52 mysqld_safe Starting mysqld daemon with databases from /data/db/mysql
2017-07-31 23:50:52 140168371612744 [Note] /usr/bin/mysqld (mysqld 10.1.16-MariaDB) starting as process 199 ...
2017-07-31 23:50:52 140168371612744 [Warning] Setting lower_case_table_names=2 because file system for /data/db/mysql/ is case insensitive
2017-07-31 23:50:52 7f7b7dffac48 InnoDB: Warning: Using innodb_additional_mem_pool_size is DEPRECATED. This option may be removed in future releases, together with the option innodb_use_sys_malloc and with the InnoDB's internal memory allocator.
2017-07-31 23:50:52 140168371612744 [Note] InnoDB: Using mutexes to ref count buffer pool pages
2017-07-31 23:50:52 140168371612744 [Note] InnoDB: The InnoDB memory heap is disabled
2017-07-31 23:50:52 140168371612744 [Note] InnoDB: Mutexes and rw_locks use GCC atomic builtins
2017-07-31 23:50:52 140168371612744 [Note] InnoDB: Memory barrier is not used
2017-07-31 23:50:52 140168371612744 [Note] InnoDB: Compressed tables use zlib 1.2.8
2017-07-31 23:50:52 140168371612744 [Note] InnoDB: Using Linux native AIO
2017-07-31 23:50:52 140168371612744 [Note] InnoDB: Using SSE crc32 instructions
2017-07-31 23:50:52 140168371612744 [Note] InnoDB: Initializing buffer pool, size = 800.0M
2017-07-31 23:50:52 140168371612744 [Note] InnoDB: Completed initialization of buffer pool
2017-07-31 23:50:53 140168371612744 [Note] InnoDB: Highest supported file format is Barracuda.
2017-07-31 23:50:53 140168371612744 [Note] InnoDB: The log sequence numbers 1616836 and 1616836 in ibdata files do not match the log sequence number 1620848 in the ib_logfiles!
2017-07-31 23:50:53 140168371612744 [Note] InnoDB: Database was not shutdown normally!
2017-07-31 23:50:53 140168371612744 [Note] InnoDB: Starting crash recovery.
2017-07-31 23:50:53 140168371612744 [Note] InnoDB: Reading tablespace information from the .ibd files...
2017-07-31 23:50:53 140168371612744 [Note] InnoDB: Restoring possible half-written data pages 
2017-07-31 23:50:53 140168371612744 [Note] InnoDB: from the doublewrite buffer...
2017-07-31 23:50:53 140168371612744 [Note] InnoDB: 128 rollback segment(s) are active.
2017-07-31 23:50:53 140168371612744 [Note] InnoDB: Waiting for purge to start
2017-07-31 23:50:53 140168371612744 [Note] InnoDB:  Percona XtraDB (http://www.percona.com) 5.6.30-76.3 started; log sequence number 1620848
2017-07-31 23:50:53 140167154137776 [Note] InnoDB: Dumping buffer pool(s) not yet started
2017-07-31 23:50:53 140168371612744 [Note] Plugin 'FEEDBACK' is disabled.
2017-07-31 23:50:53 140168371612744 [Note] Recovering after a crash using mysql-bin
2017-07-31 23:50:53 140168371612744 [Note] Starting crash recovery...
2017-07-31 23:50:53 140168371612744 [Note] Crash recovery finished.
2017-07-31 23:50:53 140168371612744 [Note] Server socket created on IP: '0.0.0.0'.
2017-07-31 23:50:53 140168371612744 [Warning] 'user' entry 'root@63fe2f812e87' ignored in --skip-name-resolve mode.
2017-07-31 23:50:53 140168371612744 [Warning] 'user' entry '@63fe2f812e87' ignored in --skip-name-resolve mode.
2017-07-31 23:50:53 140168371612744 [Warning] 'proxies_priv' entry '@% root@63fe2f812e87' ignored in --skip-name-resolve mode.
2017-07-31 23:50:53 140168371612744 [Note] /usr/bin/mysqld: ready for connections.
Version: '10.1.16-MariaDB'  socket: '/var/run/mysqld/mysqld.sock'  port: 3306  MariaDB Server
170805 15:44:50 mysqld_safe Starting mysqld daemon with databases from /data/db/mysql
2017-08-05 15:44:50 139760838605896 [Note] /usr/bin/mysqld (mysqld 10.1.16-MariaDB) starting as process 199 ...
2017-08-05 15:44:50 139760838605896 [Warning] Setting lower_case_table_names=2 because file system for /data/db/mysql/ is case insensitive
2017-08-05 15:44:50 7f1c9b237c48 InnoDB: Warning: Using innodb_additional_mem_pool_size is DEPRECATED. This option may be removed in future releases, together with the option innodb_use_sys_malloc and with the InnoDB's internal memory allocator.
2017-08-05 15:44:50 139760838605896 [Note] InnoDB: Using mutexes to ref count buffer pool pages
2017-08-05 15:44:50 139760838605896 [Note] InnoDB: The InnoDB memory heap is disabled
2017-08-05 15:44:50 139760838605896 [Note] InnoDB: Mutexes and rw_locks use GCC atomic builtins
2017-08-05 15:44:50 139760838605896 [Note] InnoDB: Memory barrier is not used
2017-08-05 15:44:50 139760838605896 [Note] InnoDB: Compressed tables use zlib 1.2.8
2017-08-05 15:44:50 139760838605896 [Note] InnoDB: Using Linux native AIO
2017-08-05 15:44:50 139760838605896 [Note] InnoDB: Using SSE crc32 instructions
2017-08-05 15:44:50 139760838605896 [Note] InnoDB: Initializing buffer pool, size = 800.0M
2017-08-05 15:44:50 139760838605896 [Note] InnoDB: Completed initialization of buffer pool
2017-08-05 15:44:50 139760838605896 [Note] InnoDB: Highest supported file format is Barracuda.
2017-08-05 15:44:50 139760838605896 [Note] InnoDB: The log sequence numbers 1616836 and 1616836 in ibdata files do not match the log sequence number 1620858 in the ib_logfiles!
2017-08-05 15:44:50 139760838605896 [Note] InnoDB: Database was not shutdown normally!
2017-08-05 15:44:50 139760838605896 [Note] InnoDB: Starting crash recovery.
2017-08-05 15:44:50 139760838605896 [Note] InnoDB: Reading tablespace information from the .ibd files...
2017-08-05 15:44:50 139760838605896 [Note] InnoDB: Restoring possible half-written data pages 
2017-08-05 15:44:50 139760838605896 [Note] InnoDB: from the doublewrite buffer...
2017-08-05 15:44:51 139760838605896 [Note] InnoDB: 128 rollback segment(s) are active.
2017-08-05 15:44:51 139760838605896 [Note] InnoDB: Waiting for purge to start
2017-08-05 15:44:51 139760838605896 [Note] InnoDB:  Percona XtraDB (http://www.percona.com) 5.6.30-76.3 started; log sequence number 1620858
2017-08-05 15:44:51 139759621130928 [Note] InnoDB: Dumping buffer pool(s) not yet started
2017-08-05 15:44:51 139760838605896 [Note] Plugin 'FEEDBACK' is disabled.
2017-08-05 15:44:51 139760838605896 [Note] Recovering after a crash using mysql-bin
2017-08-05 15:44:51 139760838605896 [Note] Starting crash recovery...
2017-08-05 15:44:51 139760838605896 [Note] Crash recovery finished.
2017-08-05 15:44:51 139760838605896 [Note] Server socket created on IP: '0.0.0.0'.
2017-08-05 15:44:51 139760838605896 [Warning] 'user' entry 'root@63fe2f812e87' ignored in --skip-name-resolve mode.
2017-08-05 15:44:51 139760838605896 [Warning] 'user' entry '@63fe2f812e87' ignored in --skip-name-resolve mode.
2017-08-05 15:44:51 139760838605896 [Warning] 'proxies_priv' entry '@% root@63fe2f812e87' ignored in --skip-name-resolve mode.
2017-08-05 15:44:51 139760838605896 [Note] /usr/bin/mysqld: ready for connections.
Version: '10.1.16-MariaDB'  socket: '/var/run/mysqld/mysqld.sock'  port: 3306  MariaDB Server
