170805 20:22:07 mysqld_safe Starting mysqld daemon with databases from /data/db/mysql
2017-08-05 20:22:07 140665321204808 [Note] /usr/bin/mysqld (mysqld 10.1.16-MariaDB) starting as process 200 ...
2017-08-05 20:22:07 140665321204808 [Warning] Setting lower_case_table_names=2 because file system for /data/db/mysql/ is case insensitive
2017-08-05 20:22:07 7fef3280ac48 InnoDB: Warning: Using innodb_additional_mem_pool_size is DEPRECATED. This option may be removed in future releases, together with the option innodb_use_sys_malloc and with the InnoDB's internal memory allocator.
2017-08-05 20:22:07 140665321204808 [Note] InnoDB: Using mutexes to ref count buffer pool pages
2017-08-05 20:22:07 140665321204808 [Note] InnoDB: The InnoDB memory heap is disabled
2017-08-05 20:22:07 140665321204808 [Note] InnoDB: Mutexes and rw_locks use GCC atomic builtins
2017-08-05 20:22:07 140665321204808 [Note] InnoDB: Memory barrier is not used
2017-08-05 20:22:07 140665321204808 [Note] InnoDB: Compressed tables use zlib 1.2.8
2017-08-05 20:22:07 140665321204808 [Note] InnoDB: Using Linux native AIO
2017-08-05 20:22:07 140665321204808 [Note] InnoDB: Using SSE crc32 instructions
2017-08-05 20:22:07 140665321204808 [Note] InnoDB: Initializing buffer pool, size = 800.0M
2017-08-05 20:22:07 140665321204808 [Note] InnoDB: Completed initialization of buffer pool
2017-08-05 20:22:07 140665321204808 [Note] InnoDB: Highest supported file format is Barracuda.
2017-08-05 20:22:07 140665321204808 [Note] InnoDB: The log sequence numbers 1616836 and 1616836 in ibdata files do not match the log sequence number 1620878 in the ib_logfiles!
2017-08-05 20:22:07 140665321204808 [Note] InnoDB: Database was not shutdown normally!
2017-08-05 20:22:07 140665321204808 [Note] InnoDB: Starting crash recovery.
2017-08-05 20:22:07 140665321204808 [Note] InnoDB: Reading tablespace information from the .ibd files...
2017-08-05 20:22:07 140665321204808 [Note] InnoDB: Restoring possible half-written data pages 
2017-08-05 20:22:07 140665321204808 [Note] InnoDB: from the doublewrite buffer...
2017-08-05 20:22:08 140665321204808 [Note] InnoDB: 128 rollback segment(s) are active.
2017-08-05 20:22:08 140665321204808 [Note] InnoDB: Waiting for purge to start
2017-08-05 20:22:08 140665321204808 [Note] InnoDB:  Percona XtraDB (http://www.percona.com) 5.6.30-76.3 started; log sequence number 1620878
2017-08-05 20:22:08 140664103729840 [Note] InnoDB: Dumping buffer pool(s) not yet started
2017-08-05 20:22:08 140665321204808 [Note] Plugin 'FEEDBACK' is disabled.
2017-08-05 20:22:08 140665321204808 [Note] Recovering after a crash using mysql-bin
2017-08-05 20:22:08 140665321204808 [Note] Starting crash recovery...
2017-08-05 20:22:08 140665321204808 [Note] Crash recovery finished.
2017-08-05 20:22:08 140665321204808 [Note] Server socket created on IP: '0.0.0.0'.
2017-08-05 20:22:08 140665321204808 [Warning] 'user' entry 'root@63fe2f812e87' ignored in --skip-name-resolve mode.
2017-08-05 20:22:08 140665321204808 [Warning] 'user' entry '@63fe2f812e87' ignored in --skip-name-resolve mode.
2017-08-05 20:22:08 140665321204808 [Warning] 'proxies_priv' entry '@% root@63fe2f812e87' ignored in --skip-name-resolve mode.
2017-08-05 20:22:08 140665321204808 [Note] /usr/bin/mysqld: ready for connections.
Version: '10.1.16-MariaDB'  socket: '/var/run/mysqld/mysqld.sock'  port: 3306  MariaDB Server
2017-08-12  2:40:33 140664101526192 [Note] InnoDB: Online DDL : Start
2017-08-12  2:40:33 140664101526192 [Note] InnoDB: Online DDL : Start reading clustered index of the table and create temporary files
2017-08-12  2:40:33 140664101526192 [Note] InnoDB: Online DDL : End of reading clustered index of the table and create temporary files
2017-08-12  2:40:33 140664101526192 [Note] InnoDB: Online DDL : Completed
2017-08-12  2:40:43 140664101526192 [Note] InnoDB: Online DDL : Start
2017-08-12  2:40:43 140664101526192 [Note] InnoDB: Online DDL : Start reading clustered index of the table and create temporary files
2017-08-12  2:40:43 140664101526192 [Note] InnoDB: Online DDL : End of reading clustered index of the table and create temporary files
2017-08-12  2:40:43 140664101526192 [Note] InnoDB: Online DDL : Completed
2017-08-12  2:46:33 140664101218992 [Note] InnoDB: Online DDL : Start
2017-08-12  2:46:33 140664101218992 [Note] InnoDB: Online DDL : Start reading clustered index of the table and create temporary files
2017-08-12  2:46:33 140664101218992 [Note] InnoDB: Online DDL : End of reading clustered index of the table and create temporary files
2017-08-12  2:46:33 140664101218992 [Note] InnoDB: Online DDL : Start applying row log
2017-08-12  2:46:33 140664101218992 [Note] InnoDB: Online DDL : End of applying row log
2017-08-12  2:46:33 140664101218992 [Note] InnoDB: Online DDL : Completed
2017-08-12  2:46:53 140664101218992 [Note] InnoDB: Online DDL : Start
2017-08-12  2:46:53 140664101218992 [Note] InnoDB: Online DDL : Start reading clustered index of the table and create temporary files
2017-08-12  2:46:53 140664101218992 [Note] InnoDB: Online DDL : End of reading clustered index of the table and create temporary files
2017-08-12  2:46:53 140664101218992 [Note] InnoDB: Online DDL : Start applying row log
2017-08-12  2:46:53 140664101218992 [Note] InnoDB: Online DDL : End of applying row log
2017-08-12  2:46:53 140664101218992 [Note] InnoDB: Online DDL : Completed
2017-08-12  2:47:09 140664101218992 [Note] InnoDB: Online DDL : Start
2017-08-12  2:47:09 140664101218992 [Note] InnoDB: Online DDL : Start reading clustered index of the table and create temporary files
2017-08-12  2:47:09 140664101218992 [Note] InnoDB: Online DDL : End of reading clustered index of the table and create temporary files
2017-08-12  2:47:09 140664101218992 [Note] InnoDB: Online DDL : Start applying row log
2017-08-12  2:47:09 140664101218992 [Note] InnoDB: Online DDL : End of applying row log
2017-08-12  2:47:09 140664101218992 [Note] InnoDB: Online DDL : Completed
2017-08-12 17:56:18 140664102447792 [Note] InnoDB: Online DDL : Start
2017-08-12 17:56:18 140664102447792 [Note] InnoDB: Online DDL : Start reading clustered index of the table and create temporary files
2017-08-12 17:56:18 140664102447792 [Note] InnoDB: Online DDL : End of reading clustered index of the table and create temporary files
2017-08-12 17:56:18 140664102447792 [Note] InnoDB: Online DDL : Start merge-sorting index `PRIMARY` (1 / 2), estimated cost : 13.3333
2017-08-12 17:56:18 140664102447792 [Note] InnoDB: Online DDL : End of  merge-sorting index `PRIMARY` (1 / 2)
2017-08-12 17:56:18 140664102447792 [Note] InnoDB: Online DDL : Start building index `PRIMARY` (1 / 2), estimated cost : 20.0000
2017-08-12 17:56:18 140664102447792 [Note] InnoDB: Online DDL : End of building index `PRIMARY` (1 / 2)
2017-08-12 17:56:18 140664102447792 [Note] InnoDB: Online DDL : Completed
2017-08-12 17:56:18 140664102447792 [Note] InnoDB: Online DDL : Start merge-sorting index `user_userID_uindex` (2 / 2), estimated cost : 13.3333
2017-08-12 17:56:18 140664102447792 [Note] InnoDB: Online DDL : End of  merge-sorting index `user_userID_uindex` (2 / 2)
2017-08-12 17:56:18 140664102447792 [Note] InnoDB: Online DDL : Start building index `user_userID_uindex` (2 / 2), estimated cost : 20.0000
2017-08-12 17:56:18 140664102447792 [Note] InnoDB: Online DDL : End of building index `user_userID_uindex` (2 / 2)
2017-08-12 17:56:18 140664102447792 [Note] InnoDB: Online DDL : Completed
2017-08-12 17:58:44 140664101526192 [Note] InnoDB: Online DDL : Start
2017-08-12 17:58:44 140664101526192 [Note] InnoDB: Online DDL : Start reading clustered index of the table and create temporary files
2017-08-12 17:58:44 140664101526192 [Note] InnoDB: Online DDL : End of reading clustered index of the table and create temporary files
2017-08-12 17:58:44 140664101526192 [Note] InnoDB: Online DDL : Start merge-sorting index `PRIMARY` (1 / 2), estimated cost : 13.3333
2017-08-12 17:58:44 140664101526192 [Note] InnoDB: Online DDL : End of  merge-sorting index `PRIMARY` (1 / 2)
2017-08-12 17:58:44 140664101526192 [Note] InnoDB: Online DDL : Start building index `PRIMARY` (1 / 2), estimated cost : 20.0000
2017-08-12 17:58:44 140664101526192 [Note] InnoDB: Online DDL : End of building index `PRIMARY` (1 / 2)
2017-08-12 17:58:44 140664101526192 [Note] InnoDB: Online DDL : Completed
2017-08-12 17:58:44 140664101526192 [Note] InnoDB: Online DDL : Start merge-sorting index `chat_room_chatRoomID_uindex` (2 / 2), estimated cost : 13.3333
2017-08-12 17:58:44 140664101526192 [Note] InnoDB: Online DDL : End of  merge-sorting index `chat_room_chatRoomID_uindex` (2 / 2)
2017-08-12 17:58:44 140664101526192 [Note] InnoDB: Online DDL : Start building index `chat_room_chatRoomID_uindex` (2 / 2), estimated cost : 20.0000
2017-08-12 17:58:44 140664101526192 [Note] InnoDB: Online DDL : End of building index `chat_room_chatRoomID_uindex` (2 / 2)
2017-08-12 17:58:44 140664101526192 [Note] InnoDB: Online DDL : Completed
2017-08-12 17:59:20 140664101526192 [Note] InnoDB: Online DDL : Start
2017-08-12 17:59:20 140664101526192 [Note] InnoDB: Online DDL : Start reading clustered index of the table and create temporary files
2017-08-12 17:59:20 140664101526192 [Note] InnoDB: Online DDL : End of reading clustered index of the table and create temporary files
2017-08-12 17:59:20 140664101526192 [Note] InnoDB: Online DDL : Start merge-sorting index `PRIMARY` (1 / 2), estimated cost : 13.3333
2017-08-12 17:59:20 140664101526192 [Note] InnoDB: Online DDL : End of  merge-sorting index `PRIMARY` (1 / 2)
2017-08-12 17:59:20 140664101526192 [Note] InnoDB: Online DDL : Start building index `PRIMARY` (1 / 2), estimated cost : 20.0000
2017-08-12 17:59:20 140664101526192 [Note] InnoDB: Online DDL : End of building index `PRIMARY` (1 / 2)
2017-08-12 17:59:20 140664101526192 [Note] InnoDB: Online DDL : Completed
2017-08-12 17:59:20 140664101526192 [Note] InnoDB: Online DDL : Start merge-sorting index `chat_room_chatRoomID_uindex` (2 / 2), estimated cost : 13.3333
2017-08-12 17:59:20 140664101526192 [Note] InnoDB: Online DDL : End of  merge-sorting index `chat_room_chatRoomID_uindex` (2 / 2)
2017-08-12 17:59:20 140664101526192 [Note] InnoDB: Online DDL : Start building index `chat_room_chatRoomID_uindex` (2 / 2), estimated cost : 20.0000
2017-08-12 17:59:20 140664101526192 [Note] InnoDB: Online DDL : End of building index `chat_room_chatRoomID_uindex` (2 / 2)
2017-08-12 17:59:21 140664101526192 [Note] InnoDB: Online DDL : Completed
2017-08-17  2:37:04 140664101833392 [Note] InnoDB: Online DDL : Start
2017-08-17  2:37:04 140664101833392 [Note] InnoDB: Online DDL : Start reading clustered index of the table and create temporary files
2017-08-17  2:37:04 140664101833392 [Note] InnoDB: Online DDL : End of reading clustered index of the table and create temporary files
2017-08-17  2:37:04 140664101833392 [Note] InnoDB: Online DDL : Start merge-sorting index `PRIMARY` (1 / 2), estimated cost : 13.3333
2017-08-17  2:37:04 140664101833392 [Note] InnoDB: Online DDL : End of  merge-sorting index `PRIMARY` (1 / 2)
2017-08-17  2:37:04 140664101833392 [Note] InnoDB: Online DDL : Start building index `PRIMARY` (1 / 2), estimated cost : 20.0000
2017-08-17  2:37:04 140664101833392 [Note] InnoDB: Online DDL : End of building index `PRIMARY` (1 / 2)
2017-08-17  2:37:04 140664101833392 [Note] InnoDB: Online DDL : Completed
2017-08-17  2:37:04 140664101833392 [Note] InnoDB: Online DDL : Start merge-sorting index `user_userID_uindex` (2 / 2), estimated cost : 13.3333
2017-08-17  2:37:04 140664101833392 [Note] InnoDB: Online DDL : End of  merge-sorting index `user_userID_uindex` (2 / 2)
2017-08-17  2:37:04 140664101833392 [Note] InnoDB: Online DDL : Start building index `user_userID_uindex` (2 / 2), estimated cost : 20.0000
2017-08-17  2:37:04 140664101833392 [Note] InnoDB: Online DDL : End of building index `user_userID_uindex` (2 / 2)
2017-08-17  2:37:04 140664101833392 [Note] InnoDB: Online DDL : Completed
2017-08-17  2:37:04 140664101833392 [Note] InnoDB: Online DDL : Start
2017-08-17  2:37:04 140664101833392 [Note] InnoDB: Online DDL : Start reading clustered index of the table and create temporary files
2017-08-17  2:37:04 140664101833392 [Note] InnoDB: Online DDL : End of reading clustered index of the table and create temporary files
2017-08-17  2:37:04 140664101833392 [Note] InnoDB: Online DDL : Start merge-sorting index `PRIMARY` (1 / 2), estimated cost : 13.3333
2017-08-17  2:37:04 140664101833392 [Note] InnoDB: Online DDL : End of  merge-sorting index `PRIMARY` (1 / 2)
2017-08-17  2:37:04 140664101833392 [Note] InnoDB: Online DDL : Start building index `PRIMARY` (1 / 2), estimated cost : 20.0000
2017-08-17  2:37:04 140664101833392 [Note] InnoDB: Online DDL : End of building index `PRIMARY` (1 / 2)
2017-08-17  2:37:04 140664101833392 [Note] InnoDB: Online DDL : Completed
2017-08-17  2:37:04 140664101833392 [Note] InnoDB: Online DDL : Start merge-sorting index `user_userID_uindex` (2 / 2), estimated cost : 13.3333
2017-08-17  2:37:04 140664101833392 [Note] InnoDB: Online DDL : End of  merge-sorting index `user_userID_uindex` (2 / 2)
2017-08-17  2:37:04 140664101833392 [Note] InnoDB: Online DDL : Start building index `user_userID_uindex` (2 / 2), estimated cost : 20.0000
2017-08-17  2:37:04 140664101833392 [Note] InnoDB: Online DDL : End of building index `user_userID_uindex` (2 / 2)
2017-08-17  2:37:04 140664101833392 [Note] InnoDB: Online DDL : Completed
2017-08-17  2:37:04 140664101833392 [Note] InnoDB: Online DDL : Start
2017-08-17  2:37:04 140664101833392 [Note] InnoDB: Online DDL : Start reading clustered index of the table and create temporary files
2017-08-17  2:37:04 140664101833392 [Note] InnoDB: Online DDL : End of reading clustered index of the table and create temporary files
2017-08-17  2:37:04 140664101833392 [Note] InnoDB: Online DDL : Start merge-sorting index `PRIMARY` (1 / 2), estimated cost : 13.3333
2017-08-17  2:37:04 140664101833392 [Note] InnoDB: Online DDL : End of  merge-sorting index `PRIMARY` (1 / 2)
2017-08-17  2:37:04 140664101833392 [Note] InnoDB: Online DDL : Start building index `PRIMARY` (1 / 2), estimated cost : 20.0000
2017-08-17  2:37:04 140664101833392 [Note] InnoDB: Online DDL : End of building index `PRIMARY` (1 / 2)
2017-08-17  2:37:04 140664101833392 [Note] InnoDB: Online DDL : Completed
2017-08-17  2:37:04 140664101833392 [Note] InnoDB: Online DDL : Start merge-sorting index `user_userID_uindex` (2 / 2), estimated cost : 13.3333
2017-08-17  2:37:04 140664101833392 [Note] InnoDB: Online DDL : End of  merge-sorting index `user_userID_uindex` (2 / 2)
2017-08-17  2:37:04 140664101833392 [Note] InnoDB: Online DDL : Start building index `user_userID_uindex` (2 / 2), estimated cost : 20.0000
2017-08-17  2:37:04 140664101833392 [Note] InnoDB: Online DDL : End of building index `user_userID_uindex` (2 / 2)
2017-08-17  2:37:04 140664101833392 [Note] InnoDB: Online DDL : Completed
2017-08-17  2:37:04 140664101833392 [Note] InnoDB: Online DDL : Start
2017-08-17  2:37:04 140664101833392 [Note] InnoDB: Online DDL : Start reading clustered index of the table and create temporary files
2017-08-17  2:37:04 140664101833392 [Note] InnoDB: Online DDL : End of reading clustered index of the table and create temporary files
2017-08-17  2:37:04 140664101833392 [Note] InnoDB: Online DDL : Start merge-sorting index `PRIMARY` (1 / 2), estimated cost : 13.3333
2017-08-17  2:37:04 140664101833392 [Note] InnoDB: Online DDL : End of  merge-sorting index `PRIMARY` (1 / 2)
2017-08-17  2:37:04 140664101833392 [Note] InnoDB: Online DDL : Start building index `PRIMARY` (1 / 2), estimated cost : 20.0000
2017-08-17  2:37:04 140664101833392 [Note] InnoDB: Online DDL : End of building index `PRIMARY` (1 / 2)
2017-08-17  2:37:04 140664101833392 [Note] InnoDB: Online DDL : Completed
2017-08-17  2:37:04 140664101833392 [Note] InnoDB: Online DDL : Start merge-sorting index `user_userID_uindex` (2 / 2), estimated cost : 13.3333
2017-08-17  2:37:04 140664101833392 [Note] InnoDB: Online DDL : End of  merge-sorting index `user_userID_uindex` (2 / 2)
2017-08-17  2:37:04 140664101833392 [Note] InnoDB: Online DDL : Start building index `user_userID_uindex` (2 / 2), estimated cost : 20.0000
2017-08-17  2:37:04 140664101833392 [Note] InnoDB: Online DDL : End of building index `user_userID_uindex` (2 / 2)
2017-08-17  2:37:04 140664101833392 [Note] InnoDB: Online DDL : Completed
2017-08-17  2:37:41 140664101833392 [Note] InnoDB: Online DDL : Start
2017-08-17  2:37:41 140664101833392 [Note] InnoDB: Online DDL : Start reading clustered index of the table and create temporary files
2017-08-17  2:37:41 140664101833392 [Note] InnoDB: Online DDL : End of reading clustered index of the table and create temporary files
2017-08-17  2:37:41 140664101833392 [Note] InnoDB: Online DDL : Start merge-sorting index `PRIMARY` (1 / 2), estimated cost : 13.3333
2017-08-17  2:37:41 140664101833392 [Note] InnoDB: Online DDL : End of  merge-sorting index `PRIMARY` (1 / 2)
2017-08-17  2:37:41 140664101833392 [Note] InnoDB: Online DDL : Start building index `PRIMARY` (1 / 2), estimated cost : 20.0000
2017-08-17  2:37:41 140664101833392 [Note] InnoDB: Online DDL : End of building index `PRIMARY` (1 / 2)
2017-08-17  2:37:41 140664101833392 [Note] InnoDB: Online DDL : Completed
2017-08-17  2:37:41 140664101833392 [Note] InnoDB: Online DDL : Start merge-sorting index `user_userID_uindex` (2 / 2), estimated cost : 13.3333
2017-08-17  2:37:41 140664101833392 [Note] InnoDB: Online DDL : End of  merge-sorting index `user_userID_uindex` (2 / 2)
2017-08-17  2:37:41 140664101833392 [Note] InnoDB: Online DDL : Start building index `user_userID_uindex` (2 / 2), estimated cost : 20.0000
2017-08-17  2:37:41 140664101833392 [Note] InnoDB: Online DDL : End of building index `user_userID_uindex` (2 / 2)
2017-08-17  2:37:41 140664101833392 [Note] InnoDB: Online DDL : Completed
2017-08-17  2:37:41 140664101833392 [Note] InnoDB: Online DDL : Start
2017-08-17  2:37:41 140664101833392 [Note] InnoDB: Online DDL : Start reading clustered index of the table and create temporary files
2017-08-17  2:37:41 140664101833392 [Note] InnoDB: Online DDL : End of reading clustered index of the table and create temporary files
2017-08-17  2:37:41 140664101833392 [Note] InnoDB: Online DDL : Start merge-sorting index `PRIMARY` (1 / 2), estimated cost : 13.3333
2017-08-17  2:37:41 140664101833392 [Note] InnoDB: Online DDL : End of  merge-sorting index `PRIMARY` (1 / 2)
2017-08-17  2:37:41 140664101833392 [Note] InnoDB: Online DDL : Start building index `PRIMARY` (1 / 2), estimated cost : 20.0000
2017-08-17  2:37:41 140664101833392 [Note] InnoDB: Online DDL : End of building index `PRIMARY` (1 / 2)
2017-08-17  2:37:41 140664101833392 [Note] InnoDB: Online DDL : Completed
2017-08-17  2:37:41 140664101833392 [Note] InnoDB: Online DDL : Start merge-sorting index `user_userID_uindex` (2 / 2), estimated cost : 13.3333
2017-08-17  2:37:41 140664101833392 [Note] InnoDB: Online DDL : End of  merge-sorting index `user_userID_uindex` (2 / 2)
2017-08-17  2:37:41 140664101833392 [Note] InnoDB: Online DDL : Start building index `user_userID_uindex` (2 / 2), estimated cost : 20.0000
2017-08-17  2:37:41 140664101833392 [Note] InnoDB: Online DDL : End of building index `user_userID_uindex` (2 / 2)
2017-08-17  2:37:41 140664101833392 [Note] InnoDB: Online DDL : Completed
2017-08-17  2:39:26 140664101833392 [Note] InnoDB: Online DDL : Start
2017-08-17  2:39:26 140664101833392 [Note] InnoDB: Online DDL : Start reading clustered index of the table and create temporary files
2017-08-17  2:39:26 140664101833392 [Note] InnoDB: Online DDL : End of reading clustered index of the table and create temporary files
2017-08-17  2:39:26 140664101833392 [Note] InnoDB: Online DDL : Start merge-sorting index `PRIMARY` (1 / 2), estimated cost : 13.3333
2017-08-17  2:39:26 140664101833392 [Note] InnoDB: Online DDL : End of  merge-sorting index `PRIMARY` (1 / 2)
2017-08-17  2:39:26 140664101833392 [Note] InnoDB: Online DDL : Start building index `PRIMARY` (1 / 2), estimated cost : 20.0000
2017-08-17  2:39:26 140664101833392 [Note] InnoDB: Online DDL : End of building index `PRIMARY` (1 / 2)
2017-08-17  2:39:26 140664101833392 [Note] InnoDB: Online DDL : Completed
2017-08-17  2:39:26 140664101833392 [Note] InnoDB: Online DDL : Start merge-sorting index `chat_room_chatRoomID_uindex` (2 / 2), estimated cost : 13.3333
2017-08-17  2:39:26 140664101833392 [Note] InnoDB: Online DDL : End of  merge-sorting index `chat_room_chatRoomID_uindex` (2 / 2)
2017-08-17  2:39:26 140664101833392 [Note] InnoDB: Online DDL : Start building index `chat_room_chatRoomID_uindex` (2 / 2), estimated cost : 20.0000
2017-08-17  2:39:26 140664101833392 [Note] InnoDB: Online DDL : End of building index `chat_room_chatRoomID_uindex` (2 / 2)
2017-08-17  2:39:26 140664101833392 [Note] InnoDB: Online DDL : Completed
